<?xml version="1.0" encoding="UTF-8"?>
<testng-results skipped="0" failed="0" ignored="0" total="1" passed="1">
  <reporter-output>
  </reporter-output>
  <suite name="Default suite" duration-ms="33" started-at="2018-01-16T04:21:19Z" finished-at="2018-01-16T04:21:19Z">
    <groups>
    </groups>
    <test name="Default test" duration-ms="33" started-at="2018-01-16T04:21:19Z" finished-at="2018-01-16T04:21:19Z">
      <class name="qmtv_sunge.CITest.SayHelloTest">
        <test-method status="PASS" signature="beforeTest()[pri:0, instance:qmtv_sunge.CITest.SayHelloTest@573f2bb1]" name="beforeTest" is-config="true" duration-ms="9" started-at="2018-01-16T12:21:19Z" finished-at="2018-01-16T12:21:19Z">
          <reporter-output>
          </reporter-output>
        </test-method> <!-- beforeTest -->
        <test-method status="PASS" signature="testHello()[pri:0, instance:qmtv_sunge.CITest.SayHelloTest@573f2bb1]" name="testHello" duration-ms="6" started-at="2018-01-16T12:21:19Z" finished-at="2018-01-16T12:21:19Z">
          <reporter-output>
          </reporter-output>
        </test-method> <!-- testHello -->
        <test-method status="PASS" signature="afterTest()[pri:0, instance:qmtv_sunge.CITest.SayHelloTest@573f2bb1]" name="afterTest" is-config="true" duration-ms="0" started-at="2018-01-16T12:21:19Z" finished-at="2018-01-16T12:21:19Z">
          <reporter-output>
          </reporter-output>
        </test-method> <!-- afterTest -->
      </class> <!-- qmtv_sunge.CITest.SayHelloTest -->
    </test> <!-- Default test -->
  </suite> <!-- Default suite -->
</testng-results>
